\BOOKMARK [0][-]{chapter*.2}{Introduction}{}% 1
\BOOKMARK [0][-]{chapter.1}{Description des variables}{}% 2
\BOOKMARK [1][-]{section.1.1}{Autisme}{chapter.1}% 3
\BOOKMARK [1][-]{section.1.2}{\302ge}{chapter.1}% 4
\BOOKMARK [1][-]{section.1.3}{Genre}{chapter.1}% 5
\BOOKMARK [1][-]{section.1.4}{N\351 avec la jaunisse}{chapter.1}% 6
\BOOKMARK [1][-]{section.1.5}{A1\137score \340 A10\137score}{chapter.1}% 7
\BOOKMARK [1][-]{section.1.6}{Score obtenu}{chapter.1}% 8
\BOOKMARK [1][-]{section.1.7}{Appli d\351tecte autisme}{chapter.1}% 9
\BOOKMARK [1][-]{section.1.8}{D\351j\340 utilis\351 l'application}{chapter.1}% 10
\BOOKMARK [1][-]{section.1.9}{Pays de r\351sidence}{chapter.1}% 11
\BOOKMARK [1][-]{section.1.10}{Ethnique}{chapter.1}% 12
\BOOKMARK [1][-]{section.1.11}{Parent\351 avec l'individu}{chapter.1}% 13
\BOOKMARK [0][-]{chapter.2}{Analyse en Composantes Principales \(ACP\)}{}% 14
\BOOKMARK [1][-]{section.2.1}{Centrer et r\351duire}{chapter.2}% 15
\BOOKMARK [1][-]{section.2.2}{Valeurs propres}{chapter.2}% 16
\BOOKMARK [1][-]{section.2.3}{Projection selon plusieurs axes}{chapter.2}% 17
\BOOKMARK [0][-]{chapter.3}{R\351gression lin\351aire multiple}{}% 18
\BOOKMARK [0][-]{chapter.4}{R\351gression logistique}{}% 19
\BOOKMARK [0][-]{chapter.5}{Tableaux de contingence et test du chi2}{}% 20
\BOOKMARK [1][-]{section.5.1}{Effectifs normaux}{chapter.5}% 21
\BOOKMARK [1][-]{section.5.2}{Effectifs th\351oriques}{chapter.5}% 22
\BOOKMARK [1][-]{section.5.3}{2 et p-valeurs}{chapter.5}% 23
\BOOKMARK [0][-]{chapter*.31}{Conclusion}{}% 24
\BOOKMARK [0][-]{chapter*.33}{Annexes}{}% 25
